# JRE version: OpenJDK Runtime Environment (21.0+35) (build 21+35-2513)
# Java VM: OpenJDK 64-Bit Server VM (21+35-2513, mixed mode, emulated-client, sharing, tiered, compressed oops, compressed class ptrs, g1 gc, windows-amd64)
GC Precious Log:
 CardTable entry size: 512
 Card Set container configuration: InlinePtr #cards 5 size 8 Array Of Cards #cards 12 size 40 Howl #buckets 4 coarsen threshold 1843 Howl Bitmap #cards 512 size 80 coarsen threshold 460 Card regions per heap region 1 cards per card region 2048
 CPUs: 8 total, 8 available
 Memory: 7934M
 Large Page Support: Disabled
 NUMA Support: Disabled
 Compressed Oops: Enabled (32-bit)
 Heap Region Size: 1M
 Heap Min Capacity: 8M
 Heap Initial Capacity: 124M
 Heap Max Capacity: 1984M
 Pre-touch: Disabled
 Parallel Workers: 8
 Concurrent Workers: 2
 Concurrent Refinement Workers: 8
 Periodic GC: Disabled
Heap:
 garbage-first heap   total 73728K, used 60147K [0x0000000084000000, 0x0000000100000000)
  region size 1024K, 33 young (33792K), 1 survivors (1024K)
 Metaspace       used 72546K, committed 73920K, reserved 1114112K
  class space    used 10248K, committed 10752K, reserved 1048576K
GC Heap History (20 events):
Event: 5249.830 GC heap before
{Heap before GC invocations=79 (full 0):
 garbage-first heap   total 73728K, used 66589K [0x0000000084000000, 0x0000000100000000)
  region size 1024K, 38 young (38912K), 1 survivors (1024K)
 Metaspace       used 72544K, committed 73920K, reserved 1114112K
  class space    used 10247K, committed 10752K, reserved 1048576K
}
Event: 5249.831 GC heap after
{Heap after GC invocations=80 (full 0):
 garbage-first heap   total 73728K, used 28711K [0x0000000084000000, 0x0000000100000000)
  region size 1024K, 1 young (1024K), 1 survivors (1024K)
 Metaspace       used 72544K, committed 73920K, reserved 1114112K
  class space    used 10247K, committed 10752K, reserved 1048576K
}
Event: 5252.041 GC heap before
{Heap before GC invocations=80 (full 0):
 garbage-first heap   total 73728K, used 66599K [0x0000000084000000, 0x0000000100000000)
  region size 1024K, 38 young (38912K), 1 survivors (1024K)
 Metaspace       used 72544K, committed 73920K, reserved 1114112K
  class space    used 10247K, committed 10752K, reserved 1048576K
}
Event: 5252.045 GC heap after
{Heap after GC invocations=81 (full 0):
 garbage-first heap   total 73728K, used 28577K [0x0000000084000000, 0x0000000100000000)
  region size 1024K, 1 young (1024K), 1 survivors (1024K)
 Metaspace       used 72544K, committed 73920K, reserved 1114112K
  class space    used 10247K, committed 10752K, reserved 1048576K
}
Event: 5254.374 GC heap before
{Heap before GC invocations=81 (full 0):
 garbage-first heap   total 73728K, used 66465K [0x0000000084000000, 0x0000000100000000)
  region size 1024K, 38 young (38912K), 1 survivors (1024K)
 Metaspace       used 72544K, committed 73920K, reserved 1114112K
  class space    used 10247K, committed 10752K, reserved 1048576K
}
Event: 5254.376 GC heap after
{Heap after GC invocations=82 (full 0):
 garbage-first heap   total 73728K, used 28585K [0x0000000084000000, 0x0000000100000000)
  region size 1024K, 1 young (1024K), 1 survivors (1024K)
 Metaspace       used 72544K, committed 73920K, reserved 1114112K
  class space    used 10247K, committed 10752K, reserved 1048576K
}
Event: 5256.234 GC heap before
{Heap before GC invocations=83 (full 0):
 garbage-first heap   total 73728K, used 66473K [0x0000000084000000, 0x0000000100000000)
  region size 1024K, 38 young (38912K), 1 survivors (1024K)
 Metaspace       used 72544K, committed 73920K, reserved 1114112K
  class space    used 10247K, committed 10752K, reserved 1048576K
}
Event: 5256.235 GC heap after
{Heap after GC invocations=84 (full 0):
 garbage-first heap   total 73728K, used 28593K [0x0000000084000000, 0x0000000100000000)
  region size 1024K, 1 young (1024K), 1 survivors (1024K)
 Metaspace       used 72544K, committed 73920K, reserved 1114112K
  class space    used 10247K, committed 10752K, reserved 1048576K
}
Event: 5258.008 GC heap before
{Heap before GC invocations=84 (full 0):
 garbage-first heap   total 73728K, used 66481K [0x0000000084000000, 0x0000000100000000)
  region size 1024K, 38 young (38912K), 1 survivors (1024K)
 Metaspace       used 72544K, committed 73920K, reserved 1114112K
  class space    used 10247K, committed 10752K, reserved 1048576K
}
Event: 5258.020 GC heap after
{Heap after GC invocations=85 (full 0):
 garbage-first heap   total 73728K, used 28367K [0x0000000084000000, 0x0000000100000000)
  region size 1024K, 1 young (1024K), 1 survivors (1024K)
 Metaspace       used 72544K, committed 73920K, reserved 1114112K
  class space    used 10247K, committed 10752K, reserved 1048576K
}
Event: 5259.776 GC heap before
{Heap before GC invocations=85 (full 0):
 garbage-first heap   total 73728K, used 66255K [0x0000000084000000, 0x0000000100000000)
  region size 1024K, 38 young (38912K), 1 survivors (1024K)
 Metaspace       used 72544K, committed 73920K, reserved 1114112K
  class space    used 10247K, committed 10752K, reserved 1048576K
}
Event: 5259.778 GC heap after
{Heap after GC invocations=86 (full 0):
 garbage-first heap   total 73728K, used 28391K [0x0000000084000000, 0x0000000100000000)
  region size 1024K, 1 young (1024K), 1 survivors (1024K)
 Metaspace       used 72544K, committed 73920K, reserved 1114112K
  class space    used 10247K, committed 10752K, reserved 1048576K
}
Event: 5261.535 GC heap before
{Heap before GC invocations=87 (full 0):
 garbage-first heap   total 73728K, used 66279K [0x0000000084000000, 0x0000000100000000)
  region size 1024K, 38 young (38912K), 1 survivors (1024K)
 Metaspace       used 72544K, committed 73920K, reserved 1114112K
  class space    used 10247K, committed 10752K, reserved 1048576K
}
Event: 5261.536 GC heap after
{Heap after GC invocations=88 (full 0):
 garbage-first heap   total 73728K, used 28413K [0x0000000084000000, 0x0000000100000000)
  region size 1024K, 1 young (1024K), 1 survivors (1024K)
 Metaspace       used 72544K, committed 73920K, reserved 1114112K
  class space    used 10247K, committed 10752K, reserved 1048576K
}
Event: 5264.860 GC heap before
{Heap before GC invocations=88 (full 0):
 garbage-first heap   total 73728K, used 66301K [0x0000000084000000, 0x0000000100000000)
  region size 1024K, 38 young (38912K), 1 survivors (1024K)
 Metaspace       used 72544K, committed 73920K, reserved 1114112K
  class space    used 10247K, committed 10752K, reserved 1048576K
}
Event: 5264.863 GC heap after
{Heap after GC invocations=89 (full 0):
 garbage-first heap   total 73728K, used 28397K [0x0000000084000000, 0x0000000100000000)
  region size 1024K, 1 young (1024K), 1 survivors (1024K)
 Metaspace       used 72544K, committed 73920K, reserved 1114112K
  class space    used 10247K, committed 10752K, reserved 1048576K
}
Event: 5267.016 GC heap before
{Heap before GC invocations=90 (full 0):
 garbage-first heap   total 73728K, used 66285K [0x0000000084000000, 0x0000000100000000)
  region size 1024K, 38 young (38912K), 1 survivors (1024K)
 Metaspace       used 72544K, committed 73920K, reserved 1114112K
  class space    used 10247K, committed 10752K, reserved 1048576K
}
Event: 5267.017 GC heap after
{Heap after GC invocations=91 (full 0):
 garbage-first heap   total 73728K, used 28399K [0x0000000084000000, 0x0000000100000000)
  region size 1024K, 1 young (1024K), 1 survivors (1024K)
 Metaspace       used 72544K, committed 73920K, reserved 1114112K
  class space    used 10247K, committed 10752K, reserved 1048576K
}
Event: 5268.946 GC heap before
{Heap before GC invocations=91 (full 0):
 garbage-first heap   total 73728K, used 66287K [0x0000000084000000, 0x0000000100000000)
  region size 1024K, 38 young (38912K), 1 survivors (1024K)
 Metaspace       used 72544K, committed 73920K, reserved 1114112K
  class space    used 10247K, committed 10752K, reserved 1048576K
}
Event: 5268.947 GC heap after
{Heap after GC invocations=92 (full 0):
 garbage-first heap   total 73728K, used 28403K [0x0000000084000000, 0x0000000100000000)
  region size 1024K, 1 young (1024K), 1 survivors (1024K)
 Metaspace       used 72544K, committed 73920K, reserved 1114112K
  class space    used 10247K, committed 10752K, reserved 1048576K
}

